<?xml version="1.0" encoding="UTF-8"?>
<testsuite xmlns:xsi="http://www.w3.org/2001/XMLSchema-instance" xsi:noNamespaceSchemaLocation="https://maven.apache.org/surefire/maven-surefire-plugin/xsd/surefire-test-report-3.0.xsd" version="3.0" name="com.jla.back_end_jr.BackEndJrApplicationTests" time="1.204" tests="1" errors="0" skipped="0" failures="0">
  <properties>
[...]
</properties>
  <testcase name="contextLoads" classname="com.jla.back_end_jr.BackEndJrApplicationTests" time="0.376">
    <system-out><![CDATA[09:43:51.509 [main] INFO org.springframework.test.context.support.AnnotationConfigContextLoaderUtils -- Could not detect default configuration classes for test class [com.jla.back_end_jr.BackEndJrApplicationTests]: BackEndJrApplicationTests does not declare any static, non-private, non-final, nested classes annotated with @Configuration.
09:43:51.557 [main] INFO org.springframework.boot.test.context.SpringBootTestContextBootstrapper -- Found @SpringBootConfiguration com.jla.back_end_jr.BackEndJrApplication for test class com.jla.back_end_jr.BackEndJrApplicationTests
09:43:51.618 [main] INFO org.springframework.boot.devtools.restart.RestartApplicationListener -- Restart disabled due to context in which it is running

  .   ____          _            __ _ _
 /\\ / ___'_ __ _ _(_)_ __  __ _ \ \ \ \
( ( )\___ | '_ | '_| | '_ \/ _` | \ \ \ \
 \\/  ___)| |_)| | | | | || (_| |  ) ) ) )
  '  |____| .__|_| |_|_| |_\__, | / / / /
 =========|_|==============|___/=/_/_/_/

 :: Spring Boot ::                (v3.5.5)

2025-09-08T09:43:51.750-03:00  INFO 6797 --- [           main] c.j.b.BackEndJrApplicationTests          : Starting BackEndJrApplicationTests using Java 21.0.6 with PID 6797 (started by tinuvens in /Users/tinuvens/Downloads/Estudos/Valcann/desafio_2/back-end-jr)
2025-09-08T09:43:51.750-03:00  INFO 6797 --- [           main] c.j.b.BackEndJrApplicationTests          : The following 1 profile is active: "mock"
2025-09-08T09:43:52.267-03:00  INFO 6797 --- [           main] c.j.b.BackEndJrApplicationTests          : Started BackEndJrApplicationTests in 0.654 seconds (process running for 1.04)
]]></system-out>
    <system-err><![CDATA[Mockito is currently self-attaching to enable the inline-mock-maker. This will no longer work in future releases of the JDK. Please add Mockito as an agent to your build as described in Mockito's documentation: https://javadoc.io/doc/org.mockito/mockito-core/latest/org.mockito/org/mockito/Mockito.html#0.3
WARNING: A Java agent has been loaded dynamically (/Users/tinuvens/.m2/repository/net/bytebuddy/byte-buddy-agent/1.17.7/byte-buddy-agent-1.17.7.jar)
WARNING: If a serviceability tool is in use, please run with -XX:+EnableDynamicAgentLoading to hide this warning
WARNING: If a serviceability tool is not in use, please run with -Djdk.instrument.traceUsage for more information
WARNING: Dynamic loading of agents will be disallowed by default in a future release
]]></system-err>
  </testcase>
</testsuite>